<?xml version="1.0" encoding="UTF-8" ?>
<testsuite tests="9" failures="0" name="com.mindtree.simpleapp.EmployeeTest" time="5" errors="0" skipped="0">
  <properties>
    <property name="java.runtime.name" value="Java(TM) SE Runtime Environment"/>
    <property name="sun.boot.library.path" value="C:\Program Files\Java\jdk1.8.0_151\jre\bin"/>
    <property name="java.vm.version" value="25.151-b12"/>
    <property name="java.vm.vendor" value="Oracle Corporation"/>
    <property name="maven.multiModuleProjectDirectory" value="C:\Users\M1057719\Documents\workspace-sts-3.9.9.RELEASE\EmployeeApp"/>
    <property name="java.vendor.url" value="http://java.oracle.com/"/>
    <property name="path.separator" value=";"/>
    <property name="guice.disable.misplaced.annotation.check" value="true"/>
    <property name="java.vm.name" value="Java HotSpot(TM) 64-Bit Server VM"/>
    <property name="file.encoding.pkg" value="sun.io"/>
    <property name="user.script" value=""/>
    <property name="user.country" value="GB"/>
    <property name="sun.java.launcher" value="SUN_STANDARD"/>
    <property name="sun.os.patch.level" value=""/>
    <property name="java.vm.specification.name" value="Java Virtual Machine Specification"/>
    <property name="user.dir" value="C:\Users\M1057719\Documents\workspace-sts-3.9.9.RELEASE\EmployeeApp"/>
    <property name="java.runtime.version" value="1.8.0_151-b12"/>
    <property name="java.awt.graphicsenv" value="sun.awt.Win32GraphicsEnvironment"/>
    <property name="java.endorsed.dirs" value="C:\Program Files\Java\jdk1.8.0_151\jre\lib\endorsed"/>
    <property name="os.arch" value="amd64"/>
    <property name="java.io.tmpdir" value="C:\Users\M1057719\AppData\Local\Temp\"/>
    <property name="line.separator" value="
"/>
    <property name="java.vm.specification.vendor" value="Oracle Corporation"/>
    <property name="user.variant" value=""/>
    <property name="os.name" value="Windows 10"/>
    <property name="classworlds.conf" value="C:\Users\M1057719\Documents\workspace-sts-3.9.9.RELEASE\.metadata\.plugins\org.eclipse.m2e.launching\launches\m2conf4904610895452353326.tmp"/>
    <property name="jansi.force" value="true"/>
    <property name="sun.jnu.encoding" value="Cp1252"/>
    <property name="java.library.path" value="C:\Program Files\Java\jdk1.8.0_151\bin;C:\WINDOWS\Sun\Java\bin;C:\WINDOWS\system32;C:\WINDOWS;C:/Program Files/Java/jre1.8.0_151/bin/server;C:/Program Files/Java/jre1.8.0_151/bin;C:/Program Files/Java/jre1.8.0_151/lib/amd64;C:\ProgramData\Oracle\Java\javapath;C:\WINDOWS\system32;C:\WINDOWS;C:\WINDOWS\System32\Wbem;C:\WINDOWS\System32\WindowsPowerShell\v1.0\;C:\WINDOWS\System32\OpenSSH\;D:\software\apache-maven-3.5.2\bin;C:\Program Files\Java\jdk1.8.0_151\bin;C:\hadoop-3.1.3\bin;C:\Program Files\Java\jdk1.8.0_151\bin;C:\hadoop-3.1.3\sbin;C:\Program Files\Git\cmd;C:\Program Files\nodejs\;%SPARK_HOME%\bin;%HADOOP_HOME%\bin;C:\Program Files\MySQL\MySQL Shell 8.0\bin\;C:\Users\M1057719\AppData\Local\Microsoft\WindowsApps;C:\Users\M1057719\AppData\Local\Programs\Microsoft VS Code\bin;C:\Users\M1057719\AppData\Roaming\npm;C:\spark-2.4.6-bin-hadoop2.7\bin;C:\hadoop\bin;C:\Users\M1057719\Downloads\kafka_2.11-2.4.1\bin\windows;;D:\software\sts-bundle\sts-3.9.9.RELEASE;;."/>
    <property name="jansi.passthrough" value="true"/>
    <property name="java.specification.name" value="Java Platform API Specification"/>
    <property name="java.class.version" value="52.0"/>
    <property name="sun.management.compiler" value="HotSpot 64-Bit Tiered Compilers"/>
    <property name="os.version" value="10.0"/>
    <property name="user.home" value="C:\Users\M1057719"/>
    <property name="user.timezone" value="Asia/Calcutta"/>
    <property name="java.awt.printerjob" value="sun.awt.windows.WPrinterJob"/>
    <property name="java.specification.version" value="1.8"/>
    <property name="file.encoding" value="Cp1252"/>
    <property name="user.name" value="M1057719"/>
    <property name="java.class.path" value="D:\software\sts-bundle\sts-3.9.9.RELEASE\plugins\org.eclipse.m2e.maven.runtime_1.12.0.20190529-1915\jars\plexus-classworlds-2.6.0.jar"/>
    <property name="java.vm.specification.version" value="1.8"/>
    <property name="sun.arch.data.model" value="64"/>
    <property name="java.home" value="C:\Program Files\Java\jdk1.8.0_151\jre"/>
    <property name="sun.java.command" value="org.codehaus.plexus.classworlds.launcher.Launcher -B test -Dstyle.color=always"/>
    <property name="java.specification.vendor" value="Oracle Corporation"/>
    <property name="user.language" value="en"/>
    <property name="awt.toolkit" value="sun.awt.windows.WToolkit"/>
    <property name="java.vm.info" value="mixed mode"/>
    <property name="java.version" value="1.8.0_151"/>
    <property name="java.ext.dirs" value="C:\Program Files\Java\jdk1.8.0_151\jre\lib\ext;C:\WINDOWS\Sun\Java\lib\ext"/>
    <property name="sun.boot.class.path" value="C:\Program Files\Java\jdk1.8.0_151\jre\lib\resources.jar;C:\Program Files\Java\jdk1.8.0_151\jre\lib\rt.jar;C:\Program Files\Java\jdk1.8.0_151\jre\lib\sunrsasign.jar;C:\Program Files\Java\jdk1.8.0_151\jre\lib\jsse.jar;C:\Program Files\Java\jdk1.8.0_151\jre\lib\jce.jar;C:\Program Files\Java\jdk1.8.0_151\jre\lib\charsets.jar;C:\Program Files\Java\jdk1.8.0_151\jre\lib\jfr.jar;C:\Program Files\Java\jdk1.8.0_151\jre\classes"/>
    <property name="java.vendor" value="Oracle Corporation"/>
    <property name="maven.home" value="C:\Users\M1057719\Documents\workspace-sts-3.9.9.RELEASE\EmployeeApp\EMBEDDED"/>
    <property name="style.color" value="always"/>
    <property name="file.separator" value="\"/>
    <property name="java.vendor.url.bug" value="http://bugreport.sun.com/bugreport/"/>
    <property name="sun.cpu.endian" value="little"/>
    <property name="sun.io.unicode.encoding" value="UnicodeLittle"/>
    <property name="sun.desktop" value="windows"/>
    <property name="sun.cpu.isalist" value="amd64"/>
  </properties>
  <testcase classname="com.mindtree.simpleapp.EmployeeTest" name="employeeNotFoundForDelete" time="3.046"/>
  <testcase classname="com.mindtree.simpleapp.EmployeeTest" name="fetchingEmployeeData" time="0.243"/>
  <testcase classname="com.mindtree.simpleapp.EmployeeTest" name="missingEmployeeName" time="0.232"/>
  <testcase classname="com.mindtree.simpleapp.EmployeeTest" name="testEmployeeWithNullValue" time="0.455"/>
  <testcase classname="com.mindtree.simpleapp.EmployeeTest" name="testGetEmployeeSize" time="0.264"/>
  <testcase classname="com.mindtree.simpleapp.EmployeeTest" name="EmployeeNotFoundWithMessage" time="0.222"/>
  <testcase classname="com.mindtree.simpleapp.EmployeeTest" name="testGetEmployee" time="0.151"/>
  <testcase classname="com.mindtree.simpleapp.EmployeeTest" name="employeeDelete" time="0.186"/>
  <testcase classname="com.mindtree.simpleapp.EmployeeTest" name="testAddEmployee" time="0.201"/>
</testsuite>